<?xml version="1.0" encoding="UTF-8"?>
<!-- Generated by org.testng.reporters.JUnitReportReporter -->
<testsuite skipped="0" hostname="DESKTOP-6F6T2NA" name="com.google.NewTest" tests="1" failures="0" timestamp="18 Mar 2019 11:10:02 GMT" time="37.832" errors="0">
  <testcase name="test" time="37.832" classname="com.google.NewTest"/>
</testsuite> <!-- com.google.NewTest -->
